[  132.372464] e1000 0000:00:06.0: PCI INT A disabled
[  189.618821] Intel(R) PRO/1000 Network Driver - version 8.0.30-NAPI
[  189.618824] Copyright (c) 1999-2010 Intel Corporation.
[  189.618938] e1000 0000:00:06.0: PCI INT A -> Link[LNKB] -> GSI 11 (level, high) -> IRQ 11
[  189.618993] e1000 0000:00:06.0: setting latency timer to 64
[  189.942807] e1000: 0000:00:06.0: e1000_probe: (PCI:33MHz:32-bit) 52:54:00:ae:0f:27
[  190.465104] fw_maj: 34
[  190.465108] e1000: 0000:00:06.0: e1000_probe: AdminQ firmware values:
[  190.465109] 	FW major:  0x34
[  190.465110] 	FW minor:  0x13
[  190.465120] 	API major: 0xfa
[  190.465120] 	API minor: 0xaf
[  190.468731] e1000: eth0: e1000_probe: Intel(R) PRO/1000 Network Connection
[  190.496468] udev[540]: renamed network interface eth0 to eth9
[  190.528581] ADDRCONF(NETDEV_UP): eth9: link is not ready
[  190.551987] e1000: eth9: e1000_phy_read_status: Error reading PHY register
[  190.552009] e1000: eth9: e1000_watchdog_task: NIC Link is Up 1000 Mbps Full Duplex, Flow Control: None
[  190.553179] ADDRCONF(NETDEV_CHANGE): eth9: link becomes ready
[  200.594078] eth9: no IPv6 routers present
[  210.708209] e1000: eth9: e1000_adminq_cmd: command=1
[  210.924265] e1000: eth9: e1000_adminq_cmd: fw= 13 34  api= af fa
[  214.708151] e1000: eth9: e1000_adminq_cmd: command=3
[  214.933431] e1000: eth9: e1000_aq_echo: echo data test passwd
[  216.708138] e1000: eth9: e1000_adminq_cmd: command=1
[  216.945193] e1000: eth9: e1000_adminq_cmd: fw= 13 34  api= af fa
[  220.708123] e1000: eth9: e1000_adminq_cmd: command=3
[  220.924179] e1000: eth9: e1000_aq_echo: echo data test passwd
[  222.708201] e1000: eth9: e1000_adminq_cmd: command=1
[  222.935339] e1000: eth9: e1000_adminq_cmd: fw= 13 34  api= af fa
[  224.708064] e1000: eth9: e1000_adminq_cmd: command=3
[  224.933723] e1000: eth9: e1000_aq_echo: echo data test passwd
[  226.708148] e1000: eth9: e1000_adminq_cmd: command=1
[  226.929370] e1000: eth9: e1000_adminq_cmd: fw= 13 34  api= af fa
[  232.302343] e1000 0000:00:06.0: PCI INT A disabled
